{"/Users/yayobyte/workspace/send-money-app/components/CurrencyExchangeBlock/CurrencyExchangeBlock.helper.ts": {"path":"/Users/yayobyte/workspace/send-money-app/components/CurrencyExchangeBlock/CurrencyExchangeBlock.helper.ts","statementMap":{"0":{"start":{"line":1,"column":30},"end":{"line":1,"column":38}},"1":{"start":{"line":3,"column":55},"end":{"line":10,"column":1}},"2":{"start":{"line":4,"column":36},"end":{"line":4,"column":108}},"3":{"start":{"line":5,"column":23},"end":{"line":5,"column":60}},"4":{"start":{"line":6,"column":22},"end":{"line":6,"column":59}},"5":{"start":{"line":7,"column":21},"end":{"line":7,"column":58}},"6":{"start":{"line":8,"column":20},"end":{"line":8,"column":57}},"7":{"start":{"line":9,"column":2},"end":{"line":9,"column":61}},"8":{"start":{"line":12,"column":47},"end":{"line":20,"column":1}},"9":{"start":{"line":13,"column":22},"end":{"line":13,"column":43}},"10":{"start":{"line":15,"column":2},"end":{"line":17,"column":3}},"11":{"start":{"line":16,"column":4},"end":{"line":16,"column":14}},"12":{"start":{"line":19,"column":2},"end":{"line":19,"column":71}}},"fnMap":{"0":{"name":"(anonymous_0)","decl":{"start":{"line":3,"column":55},"end":{"line":3,"column":56}},"loc":{"start":{"line":3,"column":85},"end":{"line":10,"column":1}},"line":3},"1":{"name":"(anonymous_1)","decl":{"start":{"line":12,"column":47},"end":{"line":12,"column":48}},"loc":{"start":{"line":12,"column":97},"end":{"line":20,"column":1}},"line":12}},"branchMap":{"0":{"loc":{"start":{"line":4,"column":36},"end":{"line":4,"column":108}},"type":"cond-expr","locations":[{"start":{"line":4,"column":68},"end":{"line":4,"column":84}},{"start":{"line":4,"column":87},"end":{"line":4,"column":108}}],"line":4},"1":{"loc":{"start":{"line":15,"column":2},"end":{"line":17,"column":3}},"type":"if","locations":[{"start":{"line":15,"column":2},"end":{"line":17,"column":3}},{"start":{},"end":{}}],"line":15},"2":{"loc":{"start":{"line":19,"column":9},"end":{"line":19,"column":71}},"type":"binary-expr","locations":[{"start":{"line":19,"column":9},"end":{"line":19,"column":64}},{"start":{"line":19,"column":68},"end":{"line":19,"column":71}}],"line":19}},"s":{"0":1,"1":1,"2":2,"3":2,"4":2,"5":2,"6":2,"7":2,"8":1,"9":2,"10":2,"11":1,"12":1},"f":{"0":2,"1":2},"b":{"0":[1,1],"1":[1,1],"2":[1,0]},"_coverageSchema":"1a1c01bbd47fc00a2c39e90264f33305004495a9","hash":"3cf4353dea2f6bb146e96f277a3472fa0d56e182"}
}
